<?xml version="1.0" encoding="UTF-8"?>
<!-- Generated by org.testng.reporters.JUnitXMLReporter -->
<testsuite hostname="DESKTOP-7ELKK84" failures="2" tests="2" name="Cucumber Tests" time="19.666" errors="0" timestamp="23 Jul 2020 12:32:07 GMT">
  <testcase classname="runners.MainRunner" name="feature" time="9.041">
    <failure type="cucumber.runtime.CucumberException" message="java.lang.AssertionError">
      <![CDATA[cucumber.runtime.CucumberException: java.lang.AssertionError
	at cucumber.api.testng.TestNGCucumberRunner.runCucumber(TestNGCucumberRunner.java:69)
	at cucumber.api.testng.AbstractTestNGCucumberTests.feature(AbstractTestNGCucumberTests.java:21)
Caused by: java.lang.AssertionError
	at org.junit.Assert.fail(Assert.java:86)
	at org.junit.Assert.fail(Assert.java:95)
	at pageObjects.ContactUs_Page.clickOnSubmiButton(ContactUs_Page.java:50)
	at stepDefinitions.ContactUsSteps.i_click_on_the_submit_button(ContactUsSteps.java:46)
	at ✽.When i click on the submit button(contactus.feature:11)
... Removed 27 stack frames]]>
    </failure>
  </testcase> <!-- feature -->
  <testcase classname="runners.MainRunner" name="feature" time="9.709">
    <failure type="cucumber.runtime.CucumberException" message="java.lang.AssertionError">
      <![CDATA[cucumber.runtime.CucumberException: java.lang.AssertionError
	at cucumber.api.testng.TestNGCucumberRunner.runCucumber(TestNGCucumberRunner.java:69)
	at cucumber.api.testng.AbstractTestNGCucumberTests.feature(AbstractTestNGCucumberTests.java:21)
Caused by: java.lang.AssertionError
	at org.junit.Assert.fail(Assert.java:86)
	at org.junit.Assert.fail(Assert.java:95)
	at stepDefinitions.ProductSteps.user_clicks_on(ProductSteps.java:20)
	at ✽.When user clicks on "#container-special-offers2"(products.feature:5)
... Removed 27 stack frames]]>
    </failure>
  </testcase> <!-- feature -->
</testsuite> <!-- Cucumber Tests -->
